Flow report for ALU_PROC_PARA
Sat Oct 21 22:22:00 2023
Quartus Prime Version 22.1std.1 Build 917 02/14/2023 SC Lite Edition


---------------------
; Table of Contents ;
---------------------
  1. Legal Notice
  2. Flow Summary
  3. Flow Settings
  4. Flow Non-Default Global Settings
  5. Flow Elapsed Time
  6. Flow OS Summary
  7. Flow Log
  8. Flow Messages
  9. Flow Suppressed Messages



----------------
; Legal Notice ;
----------------
Copyright (C) 2023  Intel Corporation. All rights reserved.
Your use of Intel Corporation's design tools, logic functions 
and other software and tools, and any partner logic 
functions, and any output files from any of the foregoing 
(including device programming or simulation files), and any 
associated documentation or information are expressly subject 
to the terms and conditions of the Intel Program License 
Subscription Agreement, the Intel Quartus Prime License Agreement,
the Intel FPGA IP License Agreement, or other applicable license
agreement, including, without limitation, that your use is for
the sole purpose of programming logic devices manufactured by
Intel and sold by Intel or its authorized distributors.  Please
refer to the applicable agreement for further details, at
https://fpgasoftware.intel.com/eula.



+-------------------------------------------------------------------------------------+
; Flow Summary                                                                        ;
+------------------------------------+------------------------------------------------+
; Flow Status                        ; Successful - Sat Oct 21 22:22:00 2023          ;
; Quartus Prime Version              ; 22.1std.1 Build 917 02/14/2023 SC Lite Edition ;
; Revision Name                      ; ALU_PROC_PARA                                  ;
; Top-level Entity Name              ; ALU_PROC_PARA                                  ;
; Family                             ; MAX 10                                         ;
; Device                             ; 10M50DAF484C7G                                 ;
; Timing Models                      ; Final                                          ;
; Total logic elements               ; 56 / 49,760 ( < 1 % )                          ;
;     Total combinational functions  ; 56 / 49,760 ( < 1 % )                          ;
;     Dedicated logic registers      ; 0 / 49,760 ( 0 % )                             ;
; Total registers                    ; 0                                              ;
; Total pins                         ; 29 / 360 ( 8 % )                               ;
; Total virtual pins                 ; 0                                              ;
; Total memory bits                  ; 0 / 1,677,312 ( 0 % )                          ;
; Embedded Multiplier 9-bit elements ; 0 / 288 ( 0 % )                                ;
; Total PLLs                         ; 0 / 4 ( 0 % )                                  ;
; UFM blocks                         ; 0 / 1 ( 0 % )                                  ;
; ADC blocks                         ; 0 / 2 ( 0 % )                                  ;
+------------------------------------+------------------------------------------------+


+-----------------------------------------+
; Flow Settings                           ;
+-------------------+---------------------+
; Option            ; Setting             ;
+-------------------+---------------------+
; Start date & time ; 10/21/2023 21:33:56 ;
; Main task         ; Compilation         ;
; Revision Name     ; ALU_PROC_PARA       ;
+-------------------+---------------------+


+-------------------------------------------------------------------------------------------------------------------------------------------------+
; Flow Non-Default Global Settings                                                                                                                ;
+--------------------------------------+----------------------------------------+---------------+-------------+-----------------------------------+
; Assignment Name                      ; Value                                  ; Default Value ; Entity Name ; Section Id                        ;
+--------------------------------------+----------------------------------------+---------------+-------------+-----------------------------------+
; COMPILER_SIGNATURE_ID                ; 247207024788048.169794923619028        ; --            ; --          ; --                                ;
; EDA_DESIGN_INSTANCE_NAME             ; NA                                     ; --            ; --          ; --                                ;
; EDA_GENERATE_FUNCTIONAL_NETLIST      ; Off                                    ; --            ; --          ; eda_board_design_timing           ;
; EDA_GENERATE_FUNCTIONAL_NETLIST      ; Off                                    ; --            ; --          ; eda_board_design_boundary_scan    ;
; EDA_GENERATE_FUNCTIONAL_NETLIST      ; Off                                    ; --            ; --          ; eda_board_design_signal_integrity ;
; EDA_GENERATE_FUNCTIONAL_NETLIST      ; Off                                    ; --            ; --          ; eda_board_design_symbol           ;
; EDA_NATIVELINK_SIMULATION_TEST_BENCH ; ALU_PROC_PARA                          ; --            ; --          ; eda_simulation                    ;
; EDA_OUTPUT_DATA_FORMAT               ; Vhdl                                   ; --            ; --          ; eda_simulation                    ;
; EDA_SIMULATION_TOOL                  ; Questa Intel FPGA (VHDL)               ; <None>        ; --          ; --                                ;
; EDA_TEST_BENCH_ENABLE_STATUS         ; TEST_BENCH_MODE                        ; --            ; --          ; eda_simulation                    ;
; EDA_TEST_BENCH_FILE                  ; ALU_PROC_PARA.vhd                      ; --            ; --          ; --                                ;
; EDA_TEST_BENCH_MODULE_NAME           ; ALU_PROC_PARA                          ; --            ; --          ; --                                ;
; EDA_TEST_BENCH_NAME                  ; ALU_PROC_PARA                          ; --            ; --          ; eda_simulation                    ;
; EDA_TIME_SCALE                       ; 1 ps                                   ; --            ; --          ; eda_simulation                    ;
; MAX_CORE_JUNCTION_TEMP               ; 85                                     ; --            ; --          ; --                                ;
; MIN_CORE_JUNCTION_TEMP               ; 0                                      ; --            ; --          ; --                                ;
; PARTITION_COLOR                      ; -- (Not supported for targeted family) ; --            ; --          ; Top                               ;
; PARTITION_FITTER_PRESERVATION_LEVEL  ; -- (Not supported for targeted family) ; --            ; --          ; Top                               ;
; PARTITION_NETLIST_TYPE               ; -- (Not supported for targeted family) ; --            ; --          ; Top                               ;
; POWER_BOARD_THERMAL_MODEL            ; None (CONSERVATIVE)                    ; --            ; --          ; --                                ;
; POWER_PRESET_COOLING_SOLUTION        ; 23 MM HEAT SINK WITH 200 LFPM AIRFLOW  ; --            ; --          ; --                                ;
; PROJECT_OUTPUT_DIRECTORY             ; output_files                           ; --            ; --          ; --                                ;
+--------------------------------------+----------------------------------------+---------------+-------------+-----------------------------------+


+--------------------------------------------------------------------------------------------------------------------------+
; Flow Elapsed Time                                                                                                        ;
+----------------------+--------------+-------------------------+---------------------+------------------------------------+
; Module Name          ; Elapsed Time ; Average Processors Used ; Peak Virtual Memory ; Total CPU Time (on all processors) ;
+----------------------+--------------+-------------------------+---------------------+------------------------------------+
; Analysis & Synthesis ; 00:00:11     ; 1.0                     ; 4870 MB             ; 00:00:25                           ;
; Fitter               ; 00:00:13     ; 1.0                     ; 6232 MB             ; 00:00:18                           ;
; Assembler            ; 00:00:03     ; 1.0                     ; 4716 MB             ; 00:00:03                           ;
; Timing Analyzer      ; 00:00:03     ; 1.1                     ; 4903 MB             ; 00:00:03                           ;
; EDA Netlist Writer   ; 00:00:01     ; 1.0                     ; 4644 MB             ; 00:00:01                           ;
; EDA Netlist Writer   ; 00:00:01     ; 1.0                     ; 4644 MB             ; 00:00:01                           ;
; EDA Netlist Writer   ; 00:00:01     ; 1.0                     ; 4654 MB             ; 00:00:01                           ;
; EDA Netlist Writer   ; 00:00:01     ; 1.0                     ; 4644 MB             ; 00:00:01                           ;
; EDA Netlist Writer   ; 00:00:01     ; 1.0                     ; 4645 MB             ; 00:00:01                           ;
; EDA Netlist Writer   ; 00:00:01     ; 1.0                     ; 4644 MB             ; 00:00:01                           ;
; EDA Netlist Writer   ; 00:00:01     ; 1.0                     ; 4645 MB             ; 00:00:01                           ;
; EDA Netlist Writer   ; 00:00:01     ; 1.0                     ; 4644 MB             ; 00:00:01                           ;
; EDA Netlist Writer   ; 00:00:01     ; 1.0                     ; 4645 MB             ; 00:00:01                           ;
; EDA Netlist Writer   ; 00:00:01     ; 1.0                     ; 4644 MB             ; 00:00:01                           ;
; EDA Netlist Writer   ; 00:00:01     ; 1.0                     ; 4644 MB             ; 00:00:01                           ;
; EDA Netlist Writer   ; 00:00:01     ; 1.0                     ; 4645 MB             ; 00:00:01                           ;
; EDA Netlist Writer   ; 00:00:01     ; 1.0                     ; 4644 MB             ; 00:00:01                           ;
; EDA Netlist Writer   ; 00:00:00     ; 1.0                     ; 4645 MB             ; 00:00:01                           ;
; EDA Netlist Writer   ; 00:00:01     ; 1.0                     ; 4644 MB             ; 00:00:01                           ;
; EDA Netlist Writer   ; 00:00:01     ; 1.0                     ; 4645 MB             ; 00:00:01                           ;
; EDA Netlist Writer   ; 00:00:01     ; 1.0                     ; 4644 MB             ; 00:00:01                           ;
; EDA Netlist Writer   ; 00:00:01     ; 1.0                     ; 4645 MB             ; 00:00:01                           ;
; EDA Netlist Writer   ; 00:00:01     ; 1.0                     ; 4644 MB             ; 00:00:01                           ;
; EDA Netlist Writer   ; 00:00:01     ; 1.0                     ; 4645 MB             ; 00:00:01                           ;
; EDA Netlist Writer   ; 00:00:00     ; 1.0                     ; 4644 MB             ; 00:00:01                           ;
; EDA Netlist Writer   ; 00:00:01     ; 1.0                     ; 4645 MB             ; 00:00:01                           ;
; Total                ; 00:00:50     ; --                      ; --                  ; 00:01:11                           ;
+----------------------+--------------+-------------------------+---------------------+------------------------------------+


+------------------------------------------------------------------------------------+
; Flow OS Summary                                                                    ;
+----------------------+------------------+------------+------------+----------------+
; Module Name          ; Machine Hostname ; OS Name    ; OS Version ; Processor type ;
+----------------------+------------------+------------+------------+----------------+
; Analysis & Synthesis ; DESKTOP-UUN60E0  ; Windows 10 ; 10.0       ; x86_64         ;
; Fitter               ; DESKTOP-UUN60E0  ; Windows 10 ; 10.0       ; x86_64         ;
; Assembler            ; DESKTOP-UUN60E0  ; Windows 10 ; 10.0       ; x86_64         ;
; Timing Analyzer      ; DESKTOP-UUN60E0  ; Windows 10 ; 10.0       ; x86_64         ;
; EDA Netlist Writer   ; DESKTOP-UUN60E0  ; Windows 10 ; 10.0       ; x86_64         ;
; EDA Netlist Writer   ; DESKTOP-UUN60E0  ; Windows 10 ; 10.0       ; x86_64         ;
; EDA Netlist Writer   ; DESKTOP-UUN60E0  ; Windows 10 ; 10.0       ; x86_64         ;
; EDA Netlist Writer   ; DESKTOP-UUN60E0  ; Windows 10 ; 10.0       ; x86_64         ;
; EDA Netlist Writer   ; DESKTOP-UUN60E0  ; Windows 10 ; 10.0       ; x86_64         ;
; EDA Netlist Writer   ; DESKTOP-UUN60E0  ; Windows 10 ; 10.0       ; x86_64         ;
; EDA Netlist Writer   ; DESKTOP-UUN60E0  ; Windows 10 ; 10.0       ; x86_64         ;
; EDA Netlist Writer   ; DESKTOP-UUN60E0  ; Windows 10 ; 10.0       ; x86_64         ;
; EDA Netlist Writer   ; DESKTOP-UUN60E0  ; Windows 10 ; 10.0       ; x86_64         ;
; EDA Netlist Writer   ; DESKTOP-UUN60E0  ; Windows 10 ; 10.0       ; x86_64         ;
; EDA Netlist Writer   ; DESKTOP-UUN60E0  ; Windows 10 ; 10.0       ; x86_64         ;
; EDA Netlist Writer   ; DESKTOP-UUN60E0  ; Windows 10 ; 10.0       ; x86_64         ;
; EDA Netlist Writer   ; DESKTOP-UUN60E0  ; Windows 10 ; 10.0       ; x86_64         ;
; EDA Netlist Writer   ; DESKTOP-UUN60E0  ; Windows 10 ; 10.0       ; x86_64         ;
; EDA Netlist Writer   ; DESKTOP-UUN60E0  ; Windows 10 ; 10.0       ; x86_64         ;
; EDA Netlist Writer   ; DESKTOP-UUN60E0  ; Windows 10 ; 10.0       ; x86_64         ;
; EDA Netlist Writer   ; DESKTOP-UUN60E0  ; Windows 10 ; 10.0       ; x86_64         ;
; EDA Netlist Writer   ; DESKTOP-UUN60E0  ; Windows 10 ; 10.0       ; x86_64         ;
; EDA Netlist Writer   ; DESKTOP-UUN60E0  ; Windows 10 ; 10.0       ; x86_64         ;
; EDA Netlist Writer   ; DESKTOP-UUN60E0  ; Windows 10 ; 10.0       ; x86_64         ;
; EDA Netlist Writer   ; DESKTOP-UUN60E0  ; Windows 10 ; 10.0       ; x86_64         ;
; EDA Netlist Writer   ; DESKTOP-UUN60E0  ; Windows 10 ; 10.0       ; x86_64         ;
+----------------------+------------------+------------+------------+----------------+


------------
; Flow Log ;
------------
quartus_map --read_settings_files=on --write_settings_files=off ALU_PROC_PARA -c ALU_PROC_PARA
quartus_fit --read_settings_files=off --write_settings_files=off ALU_PROC_PARA -c ALU_PROC_PARA
quartus_asm --read_settings_files=off --write_settings_files=off ALU_PROC_PARA -c ALU_PROC_PARA
quartus_sta ALU_PROC_PARA -c ALU_PROC_PARA
quartus_eda --read_settings_files=off --write_settings_files=off ALU_PROC_PARA -c ALU_PROC_PARA
quartus_eda --gen_testbench --tool=modelsim_oem --format=vhdl --write_settings_files=off ALU_PROC_PARA -c ALU_PROC_PARA --vector_source="C:/Users/gonza/OneDrive/ITSON/AD2023/Digitales 2/Proyecto/ALU/ALU_PROC_PARA/Waveform.vwf" --testbench_file="C:/Users/gonza/OneDrive/ITSON/AD2023/Digitales 2/Proyecto/ALU/ALU_PROC_PARA/simulation/qsim/Waveform.vwf.vht"
quartus_eda --write_settings_files=off --simulation=on --functional=off --flatten_buses=off --timescale=1ps --tool=modelsim_oem --format=vhdl --output_directory="C:/Users/gonza/OneDrive/ITSON/AD2023/Digitales 2/Proyecto/ALU/ALU_PROC_PARA/simulation/qsim/" ALU_PROC_PARA -c ALU_PROC_PARA
quartus_eda --gen_testbench --tool=modelsim_oem --format=vhdl --write_settings_files=off ALU_PROC_PARA -c ALU_PROC_PARA --vector_source="C:/Users/gonza/OneDrive/ITSON/AD2023/Digitales 2/Proyecto/ALU/ALU_PROC_PARA/Waveform.vwf" --testbench_file="C:/Users/gonza/OneDrive/ITSON/AD2023/Digitales 2/Proyecto/ALU/ALU_PROC_PARA/simulation/qsim/Waveform.vwf.vht"
quartus_eda --write_settings_files=off --simulation=on --functional=on --flatten_buses=off --tool=modelsim_oem --format=vhdl --output_directory="C:/Users/gonza/OneDrive/ITSON/AD2023/Digitales 2/Proyecto/ALU/ALU_PROC_PARA/simulation/qsim/" ALU_PROC_PARA -c ALU_PROC_PARA
quartus_eda --gen_testbench --tool=modelsim_oem --format=vhdl --write_settings_files=off ALU_PROC_PARA -c ALU_PROC_PARA --vector_source="C:/Users/gonza/OneDrive/ITSON/AD2023/Digitales 2/Proyecto/ALU/ALU_PROC_PARA/Waveform.vwf" --testbench_file="C:/Users/gonza/OneDrive/ITSON/AD2023/Digitales 2/Proyecto/ALU/ALU_PROC_PARA/simulation/qsim/Waveform.vwf.vht"
quartus_eda --write_settings_files=off --simulation=on --functional=on --flatten_buses=off --tool=modelsim_oem --format=vhdl --output_directory="C:/Users/gonza/OneDrive/ITSON/AD2023/Digitales 2/Proyecto/ALU/ALU_PROC_PARA/simulation/qsim/" ALU_PROC_PARA -c ALU_PROC_PARA
quartus_eda --gen_testbench --tool=modelsim_oem --format=vhdl --write_settings_files=off ALU_PROC_PARA -c ALU_PROC_PARA --vector_source="C:/Users/gonza/OneDrive/ITSON/AD2023/Digitales 2/Proyecto/ALU/ALU_PROC_PARA/Waveform.vwf" --testbench_file="C:/Users/gonza/OneDrive/ITSON/AD2023/Digitales 2/Proyecto/ALU/ALU_PROC_PARA/simulation/qsim/Waveform.vwf.vht"
quartus_eda --write_settings_files=off --simulation=on --functional=on --flatten_buses=off --tool=modelsim_oem --format=vhdl --output_directory="C:/Users/gonza/OneDrive/ITSON/AD2023/Digitales 2/Proyecto/ALU/ALU_PROC_PARA/simulation/qsim/" ALU_PROC_PARA -c ALU_PROC_PARA
quartus_eda --gen_testbench --tool=modelsim_oem --format=vhdl --write_settings_files=off ALU_PROC_PARA -c ALU_PROC_PARA --vector_source="C:/Users/gonza/OneDrive/ITSON/AD2023/Digitales 2/Proyecto/ALU/ALU_PROC_PARA/Waveform.vwf" --testbench_file="C:/Users/gonza/OneDrive/ITSON/AD2023/Digitales 2/Proyecto/ALU/ALU_PROC_PARA/simulation/modelsim/Waveform.vwf.vht"
quartus_eda --gen_testbench --tool=modelsim_oem --format=vhdl --write_settings_files=off ALU_PROC_PARA -c ALU_PROC_PARA --vector_source="C:/Users/gonza/OneDrive/ITSON/AD2023/Digitales 2/Proyecto/ALU/ALU_PROC_PARA/Waveform.vwf" --testbench_file="C:/Users/gonza/OneDrive/ITSON/AD2023/Digitales 2/Proyecto/ALU/ALU_PROC_PARA/simulation/qsim/Waveform.vwf.vht"
quartus_eda --write_settings_files=off --simulation=on --functional=on --flatten_buses=off --tool=modelsim_oem --format=vhdl --output_directory="C:/Users/gonza/OneDrive/ITSON/AD2023/Digitales 2/Proyecto/ALU/ALU_PROC_PARA/simulation/qsim/" ALU_PROC_PARA -c ALU_PROC_PARA
quartus_eda --gen_testbench --tool=modelsim_oem --format=vhdl --write_settings_files=off ALU_PROC_PARA -c ALU_PROC_PARA --vector_source="C:/Users/gonza/OneDrive/ITSON/AD2023/Digitales 2/Proyecto/ALU/ALU_PROC_PARA/Waveform.vwf" --testbench_file="C:/Users/gonza/OneDrive/ITSON/AD2023/Digitales 2/Proyecto/ALU/ALU_PROC_PARA/simulation/qsim/Waveform.vwf.vht"
quartus_eda --write_settings_files=off --simulation=on --functional=on --flatten_buses=off --tool=modelsim_oem --format=vhdl --output_directory="C:/Users/gonza/OneDrive/ITSON/AD2023/Digitales 2/Proyecto/ALU/ALU_PROC_PARA/simulation/qsim/" ALU_PROC_PARA -c ALU_PROC_PARA
quartus_eda --gen_testbench --tool=modelsim_oem --format=vhdl --write_settings_files=off ALU_PROC_PARA -c ALU_PROC_PARA --vector_source="C:/Users/gonza/OneDrive/ITSON/AD2023/Digitales 2/Proyecto/ALU/ALU_PROC_PARA/Waveform.vwf" --testbench_file="C:/Users/gonza/OneDrive/ITSON/AD2023/Digitales 2/Proyecto/ALU/ALU_PROC_PARA/simulation/qsim/Waveform.vwf.vht"
quartus_eda --write_settings_files=off --simulation=on --functional=on --flatten_buses=off --tool=modelsim_oem --format=vhdl --output_directory="C:/Users/gonza/OneDrive/ITSON/AD2023/Digitales 2/Proyecto/ALU/ALU_PROC_PARA/simulation/qsim/" ALU_PROC_PARA -c ALU_PROC_PARA
quartus_eda --gen_testbench --tool=modelsim_oem --format=vhdl --write_settings_files=off ALU_PROC_PARA -c ALU_PROC_PARA --vector_source="C:/Users/gonza/OneDrive/ITSON/AD2023/Digitales 2/Proyecto/ALU/ALU_PROC_PARA/Waveform.vwf" --testbench_file="C:/Users/gonza/OneDrive/ITSON/AD2023/Digitales 2/Proyecto/ALU/ALU_PROC_PARA/simulation/qsim/Waveform.vwf.vht"
quartus_eda --write_settings_files=off --simulation=on --functional=on --flatten_buses=off --tool=modelsim_oem --format=vhdl --output_directory="C:/Users/gonza/OneDrive/ITSON/AD2023/Digitales 2/Proyecto/ALU/ALU_PROC_PARA/simulation/qsim/" ALU_PROC_PARA -c ALU_PROC_PARA
quartus_eda --gen_testbench --tool=modelsim_oem --format=vhdl --write_settings_files=off ALU_PROC_PARA -c ALU_PROC_PARA --vector_source="C:/Users/gonza/OneDrive/ITSON/AD2023/Digitales 2/Proyecto/ALU/ALU_PROC_PARA/Waveform.vwf" --testbench_file="C:/Users/gonza/OneDrive/ITSON/AD2023/Digitales 2/Proyecto/ALU/ALU_PROC_PARA/simulation/qsim/Waveform.vwf.vht"
quartus_eda --write_settings_files=off --simulation=on --functional=on --flatten_buses=off --tool=modelsim_oem --format=vhdl --output_directory="C:/Users/gonza/OneDrive/ITSON/AD2023/Digitales 2/Proyecto/ALU/ALU_PROC_PARA/simulation/qsim/" ALU_PROC_PARA -c ALU_PROC_PARA
quartus_eda --gen_testbench --tool=modelsim_oem --format=vhdl --write_settings_files=off ALU_PROC_PARA -c ALU_PROC_PARA --vector_source="C:/Users/gonza/OneDrive/ITSON/AD2023/Digitales 2/Proyecto/ALU/ALU_PROC_PARA/Waveform.vwf" --testbench_file="C:/Users/gonza/OneDrive/ITSON/AD2023/Digitales 2/Proyecto/ALU/ALU_PROC_PARA/simulation/qsim/Waveform.vwf.vht"
quartus_eda --write_settings_files=off --simulation=on --functional=on --flatten_buses=off --tool=modelsim_oem --format=vhdl --output_directory="C:/Users/gonza/OneDrive/ITSON/AD2023/Digitales 2/Proyecto/ALU/ALU_PROC_PARA/simulation/qsim/" ALU_PROC_PARA -c ALU_PROC_PARA



