Analysis & Synthesis report for MPU
Sun Dec  3 22:48:51 2023
Quartus Prime Version 22.1std.1 Build 917 02/14/2023 SC Lite Edition


---------------------
; Table of Contents ;
---------------------
  1. Legal Notice
  2. Analysis & Synthesis Summary
  3. Analysis & Synthesis Settings
  4. Parallel Compilation
  5. Analysis & Synthesis Source Files Read
  6. Analysis & Synthesis Resource Usage Summary
  7. Analysis & Synthesis Resource Utilization by Entity
  8. User-Specified and Inferred Latches
  9. General Register Statistics
 10. Multiplexer Restructuring Statistics (Restructuring Performed)
 11. Parameter Settings for User Entity Instance: Top-level Entity: |MPU
 12. Parameter Settings for User Entity Instance: ALU:U0
 13. Parameter Settings for User Entity Instance: ACC:U1
 14. Parameter Settings for User Entity Instance: MBRAUX:U3
 15. Parameter Settings for User Entity Instance: IR:U4
 16. Parameter Settings for User Entity Instance: SP:U5
 17. Parameter Settings for User Entity Instance: PC:U6
 18. Parameter Settings for User Entity Instance: MUX3:U7
 19. Parameter Settings for User Entity Instance: MUX2:U8
 20. Parameter Settings for User Entity Instance: MBR:U9
 21. Parameter Settings for User Entity Instance: MUX1:U10
 22. Parameter Settings for User Entity Instance: BUFFER_TRI:U11
 23. Parameter Settings for User Entity Instance: MAR:U12
 24. Parameter Settings for User Entity Instance: CONTADOR:U13
 25. Port Connectivity Checks: "UC:U14"
 26. Post-Synthesis Netlist Statistics for Top Partition
 27. Elapsed Time Per Partition
 28. Analysis & Synthesis Messages



----------------
; Legal Notice ;
----------------
Copyright (C) 2023  Intel Corporation. All rights reserved.
Your use of Intel Corporation's design tools, logic functions 
and other software and tools, and any partner logic 
functions, and any output files from any of the foregoing 
(including device programming or simulation files), and any 
associated documentation or information are expressly subject 
to the terms and conditions of the Intel Program License 
Subscription Agreement, the Intel Quartus Prime License Agreement,
the Intel FPGA IP License Agreement, or other applicable license
agreement, including, without limitation, that your use is for
the sole purpose of programming logic devices manufactured by
Intel and sold by Intel or its authorized distributors.  Please
refer to the applicable agreement for further details, at
https://fpgasoftware.intel.com/eula.



+-------------------------------------------------------------------------------------+
; Analysis & Synthesis Summary                                                        ;
+------------------------------------+------------------------------------------------+
; Analysis & Synthesis Status        ; Successful - Sun Dec  3 22:48:51 2023          ;
; Quartus Prime Version              ; 22.1std.1 Build 917 02/14/2023 SC Lite Edition ;
; Revision Name                      ; MPU                                            ;
; Top-level Entity Name              ; MPU                                            ;
; Family                             ; MAX 10                                         ;
; Total logic elements               ; 339                                            ;
;     Total combinational functions  ; 337                                            ;
;     Dedicated logic registers      ; 56                                             ;
; Total registers                    ; 56                                             ;
; Total pins                         ; 31                                             ;
; Total virtual pins                 ; 0                                              ;
; Total memory bits                  ; 0                                              ;
; Embedded Multiplier 9-bit elements ; 0                                              ;
; Total PLLs                         ; 0                                              ;
; UFM blocks                         ; 0                                              ;
; ADC blocks                         ; 0                                              ;
+------------------------------------+------------------------------------------------+


+------------------------------------------------------------------------------------------------------------+
; Analysis & Synthesis Settings                                                                              ;
+------------------------------------------------------------------+--------------------+--------------------+
; Option                                                           ; Setting            ; Default Value      ;
+------------------------------------------------------------------+--------------------+--------------------+
; Device                                                           ; 10M50DAF484C7G     ;                    ;
; Top-level entity name                                            ; MPU                ; MPU                ;
; Family name                                                      ; MAX 10             ; Cyclone V          ;
; Use smart compilation                                            ; Off                ; Off                ;
; Enable parallel Assembler and Timing Analyzer during compilation ; On                 ; On                 ;
; Enable compact report table                                      ; Off                ; Off                ;
; Restructure Multiplexers                                         ; Auto               ; Auto               ;
; Create Debugging Nodes for IP Cores                              ; Off                ; Off                ;
; Preserve fewer node names                                        ; On                 ; On                 ;
; Intel FPGA IP Evaluation Mode                                    ; Enable             ; Enable             ;
; Verilog Version                                                  ; Verilog_2001       ; Verilog_2001       ;
; VHDL Version                                                     ; VHDL_1993          ; VHDL_1993          ;
; State Machine Processing                                         ; Auto               ; Auto               ;
; Safe State Machine                                               ; Off                ; Off                ;
; Extract Verilog State Machines                                   ; On                 ; On                 ;
; Extract VHDL State Machines                                      ; On                 ; On                 ;
; Ignore Verilog initial constructs                                ; Off                ; Off                ;
; Iteration limit for constant Verilog loops                       ; 5000               ; 5000               ;
; Iteration limit for non-constant Verilog loops                   ; 250                ; 250                ;
; Add Pass-Through Logic to Inferred RAMs                          ; On                 ; On                 ;
; Infer RAMs from Raw Logic                                        ; On                 ; On                 ;
; Parallel Synthesis                                               ; On                 ; On                 ;
; DSP Block Balancing                                              ; Auto               ; Auto               ;
; NOT Gate Push-Back                                               ; On                 ; On                 ;
; Power-Up Don't Care                                              ; On                 ; On                 ;
; Remove Redundant Logic Cells                                     ; Off                ; Off                ;
; Remove Duplicate Registers                                       ; On                 ; On                 ;
; Ignore CARRY Buffers                                             ; Off                ; Off                ;
; Ignore CASCADE Buffers                                           ; Off                ; Off                ;
; Ignore GLOBAL Buffers                                            ; Off                ; Off                ;
; Ignore ROW GLOBAL Buffers                                        ; Off                ; Off                ;
; Ignore LCELL Buffers                                             ; Off                ; Off                ;
; Ignore SOFT Buffers                                              ; On                 ; On                 ;
; Limit AHDL Integers to 32 Bits                                   ; Off                ; Off                ;
; Optimization Technique                                           ; Balanced           ; Balanced           ;
; Carry Chain Length                                               ; 70                 ; 70                 ;
; Auto Carry Chains                                                ; On                 ; On                 ;
; Auto Open-Drain Pins                                             ; On                 ; On                 ;
; Perform WYSIWYG Primitive Resynthesis                            ; Off                ; Off                ;
; Auto ROM Replacement                                             ; On                 ; On                 ;
; Auto RAM Replacement                                             ; On                 ; On                 ;
; Auto DSP Block Replacement                                       ; On                 ; On                 ;
; Auto Shift Register Replacement                                  ; Auto               ; Auto               ;
; Allow Shift Register Merging across Hierarchies                  ; Auto               ; Auto               ;
; Auto Clock Enable Replacement                                    ; On                 ; On                 ;
; Strict RAM Replacement                                           ; Off                ; Off                ;
; Allow Synchronous Control Signals                                ; On                 ; On                 ;
; Force Use of Synchronous Clear Signals                           ; Off                ; Off                ;
; Auto RAM Block Balancing                                         ; On                 ; On                 ;
; Auto RAM to Logic Cell Conversion                                ; Off                ; Off                ;
; Auto Resource Sharing                                            ; Off                ; Off                ;
; Allow Any RAM Size For Recognition                               ; Off                ; Off                ;
; Allow Any ROM Size For Recognition                               ; Off                ; Off                ;
; Allow Any Shift Register Size For Recognition                    ; Off                ; Off                ;
; Use LogicLock Constraints during Resource Balancing              ; On                 ; On                 ;
; Ignore translate_off and synthesis_off directives                ; Off                ; Off                ;
; Timing-Driven Synthesis                                          ; On                 ; On                 ;
; Report Parameter Settings                                        ; On                 ; On                 ;
; Report Source Assignments                                        ; On                 ; On                 ;
; Report Connectivity Checks                                       ; On                 ; On                 ;
; Ignore Maximum Fan-Out Assignments                               ; Off                ; Off                ;
; Synchronization Register Chain Length                            ; 2                  ; 2                  ;
; Power Optimization During Synthesis                              ; Normal compilation ; Normal compilation ;
; HDL message level                                                ; Level2             ; Level2             ;
; Suppress Register Optimization Related Messages                  ; Off                ; Off                ;
; Number of Removed Registers Reported in Synthesis Report         ; 5000               ; 5000               ;
; Number of Swept Nodes Reported in Synthesis Report               ; 5000               ; 5000               ;
; Number of Inverted Registers Reported in Synthesis Report        ; 100                ; 100                ;
; Clock MUX Protection                                             ; On                 ; On                 ;
; Auto Gated Clock Conversion                                      ; Off                ; Off                ;
; Block Design Naming                                              ; Auto               ; Auto               ;
; SDC constraint protection                                        ; Off                ; Off                ;
; Synthesis Effort                                                 ; Auto               ; Auto               ;
; Shift Register Replacement - Allow Asynchronous Clear Signal     ; On                 ; On                 ;
; Pre-Mapping Resynthesis Optimization                             ; Off                ; Off                ;
; Analysis & Synthesis Message Level                               ; Medium             ; Medium             ;
; Disable Register Merging Across Hierarchies                      ; Auto               ; Auto               ;
; Resource Aware Inference For Block RAM                           ; On                 ; On                 ;
+------------------------------------------------------------------+--------------------+--------------------+


+------------------------------------------+
; Parallel Compilation                     ;
+----------------------------+-------------+
; Processors                 ; Number      ;
+----------------------------+-------------+
; Number detected on machine ; 12          ;
; Maximum allowed            ; 12          ;
;                            ;             ;
; Average used               ; 1.00        ;
; Maximum used               ; 12          ;
;                            ;             ;
; Usage by Processor         ; % Time Used ;
;     Processor 1            ; 100.0%      ;
;     Processors 2-12        ;   0.0%      ;
+----------------------------+-------------+


+---------------------------------------------------------------------------------------------------------------------------------------------------------------------+
; Analysis & Synthesis Source Files Read                                                                                                                              ;
+----------------------------------+-----------------+-----------------------+------------------------------------------------------------------------------+---------+
; File Name with User-Entered Path ; Used in Netlist ; File Type             ; File Name with Absolute Path                                                 ; Library ;
+----------------------------------+-----------------+-----------------------+------------------------------------------------------------------------------+---------+
; OR_4.vhd                         ; yes             ; User VHDL File        ; C:/Users/gonza/OneDrive/ITSON/AD2023/Digitales 2/Proyecto/MPU/OR_4.vhd       ;         ;
; OR_3.vhd                         ; yes             ; User VHDL File        ; C:/Users/gonza/OneDrive/ITSON/AD2023/Digitales 2/Proyecto/MPU/OR_3.vhd       ;         ;
; OR_2.vhd                         ; yes             ; User VHDL File        ; C:/Users/gonza/OneDrive/ITSON/AD2023/Digitales 2/Proyecto/MPU/OR_2.vhd       ;         ;
; UC.vhd                           ; yes             ; User VHDL File        ; C:/Users/gonza/OneDrive/ITSON/AD2023/Digitales 2/Proyecto/MPU/UC.vhd         ;         ;
; SP.vhd                           ; yes             ; User VHDL File        ; C:/Users/gonza/OneDrive/ITSON/AD2023/Digitales 2/Proyecto/MPU/SP.vhd         ;         ;
; PC.vhd                           ; yes             ; User VHDL File        ; C:/Users/gonza/OneDrive/ITSON/AD2023/Digitales 2/Proyecto/MPU/PC.vhd         ;         ;
; MUX3.vhd                         ; yes             ; User VHDL File        ; C:/Users/gonza/OneDrive/ITSON/AD2023/Digitales 2/Proyecto/MPU/MUX3.vhd       ;         ;
; MUX2.vhd                         ; yes             ; User VHDL File        ; C:/Users/gonza/OneDrive/ITSON/AD2023/Digitales 2/Proyecto/MPU/MUX2.vhd       ;         ;
; MUX1.vhd                         ; yes             ; User VHDL File        ; C:/Users/gonza/OneDrive/ITSON/AD2023/Digitales 2/Proyecto/MPU/MUX1.vhd       ;         ;
; MBRAUX.vhd                       ; yes             ; User VHDL File        ; C:/Users/gonza/OneDrive/ITSON/AD2023/Digitales 2/Proyecto/MPU/MBRAUX.vhd     ;         ;
; MAR.vhd                          ; yes             ; User VHDL File        ; C:/Users/gonza/OneDrive/ITSON/AD2023/Digitales 2/Proyecto/MPU/MAR.vhd        ;         ;
; IR.vhd                           ; yes             ; User VHDL File        ; C:/Users/gonza/OneDrive/ITSON/AD2023/Digitales 2/Proyecto/MPU/IR.vhd         ;         ;
; CONTADOR.vhd                     ; yes             ; User VHDL File        ; C:/Users/gonza/OneDrive/ITSON/AD2023/Digitales 2/Proyecto/MPU/CONTADOR.vhd   ;         ;
; CCR.vhd                          ; yes             ; User VHDL File        ; C:/Users/gonza/OneDrive/ITSON/AD2023/Digitales 2/Proyecto/MPU/CCR.vhd        ;         ;
; BUFFER_TRI.vhd                   ; yes             ; User VHDL File        ; C:/Users/gonza/OneDrive/ITSON/AD2023/Digitales 2/Proyecto/MPU/BUFFER_TRI.vhd ;         ;
; ACC.vhd                          ; yes             ; User VHDL File        ; C:/Users/gonza/OneDrive/ITSON/AD2023/Digitales 2/Proyecto/MPU/ACC.vhd        ;         ;
; MPU.vhd                          ; yes             ; User VHDL File        ; C:/Users/gonza/OneDrive/ITSON/AD2023/Digitales 2/Proyecto/MPU/MPU.vhd        ;         ;
; ALU.vhd                          ; yes             ; User VHDL File        ; C:/Users/gonza/OneDrive/ITSON/AD2023/Digitales 2/Proyecto/MPU/ALU.vhd        ;         ;
; mbr.vhd                          ; yes             ; Auto-Found VHDL File  ; C:/Users/gonza/OneDrive/ITSON/AD2023/Digitales 2/Proyecto/MPU/mbr.vhd        ;         ;
+----------------------------------+-----------------+-----------------------+------------------------------------------------------------------------------+---------+


+----------------------------------------------------------+
; Analysis & Synthesis Resource Usage Summary              ;
+---------------------------------------------+------------+
; Resource                                    ; Usage      ;
+---------------------------------------------+------------+
; Estimated Total logic elements              ; 339        ;
;                                             ;            ;
; Total combinational functions               ; 337        ;
; Logic element usage by number of LUT inputs ;            ;
;     -- 4 input functions                    ; 183        ;
;     -- 3 input functions                    ; 88         ;
;     -- <=2 input functions                  ; 66         ;
;                                             ;            ;
; Logic elements by mode                      ;            ;
;     -- normal mode                          ; 313        ;
;     -- arithmetic mode                      ; 24         ;
;                                             ;            ;
; Total registers                             ; 56         ;
;     -- Dedicated logic registers            ; 56         ;
;     -- I/O registers                        ; 0          ;
;                                             ;            ;
; I/O pins                                    ; 31         ;
;                                             ;            ;
; Embedded Multiplier 9-bit elements          ; 0          ;
;                                             ;            ;
; Maximum fan-out node                        ; SRST~input ;
; Maximum fan-out                             ; 57         ;
; Total fan-out                               ; 1454       ;
; Average fan-out                             ; 3.14       ;
+---------------------------------------------+------------+


+------------------------------------------------------------------------------------------------------------------------------------------------------------------------------------------------------------------------------------+
; Analysis & Synthesis Resource Utilization by Entity                                                                                                                                                                                ;
+----------------------------+---------------------+---------------------------+-------------+------------+--------------+---------+-----------+------+--------------+------------+---------------------+-------------+--------------+
; Compilation Hierarchy Node ; Combinational ALUTs ; Dedicated Logic Registers ; Memory Bits ; UFM Blocks ; DSP Elements ; DSP 9x9 ; DSP 18x18 ; Pins ; Virtual Pins ; ADC blocks ; Full Hierarchy Name ; Entity Name ; Library Name ;
+----------------------------+---------------------+---------------------------+-------------+------------+--------------+---------+-----------+------+--------------+------------+---------------------+-------------+--------------+
; |MPU                       ; 337 (0)             ; 56 (0)                    ; 0           ; 0          ; 0            ; 0       ; 0         ; 31   ; 0            ; 0          ; |MPU                ; MPU         ; work         ;
;    |ACC:U1|                ; 9 (9)               ; 8 (8)                     ; 0           ; 0          ; 0            ; 0       ; 0         ; 0    ; 0            ; 0          ; |MPU|ACC:U1         ; ACC         ; work         ;
;    |ALU:U0|                ; 48 (48)             ; 0 (0)                     ; 0           ; 0          ; 0            ; 0       ; 0         ; 0    ; 0            ; 0          ; |MPU|ALU:U0         ; ALU         ; work         ;
;    |CCR:U2|                ; 3 (3)               ; 2 (2)                     ; 0           ; 0          ; 0            ; 0       ; 0         ; 0    ; 0            ; 0          ; |MPU|CCR:U2         ; CCR         ; work         ;
;    |CONTADOR:U13|          ; 7 (7)               ; 4 (4)                     ; 0           ; 0          ; 0            ; 0       ; 0         ; 0    ; 0            ; 0          ; |MPU|CONTADOR:U13   ; CONTADOR    ; work         ;
;    |IR:U4|                 ; 5 (5)               ; 4 (4)                     ; 0           ; 0          ; 0            ; 0       ; 0         ; 0    ; 0            ; 0          ; |MPU|IR:U4          ; IR          ; work         ;
;    |MAR:U12|               ; 19 (19)             ; 10 (10)                   ; 0           ; 0          ; 0            ; 0       ; 0         ; 0    ; 0            ; 0          ; |MPU|MAR:U12        ; MAR         ; work         ;
;    |MBR:U9|                ; 20 (20)             ; 8 (8)                     ; 0           ; 0          ; 0            ; 0       ; 0         ; 0    ; 0            ; 0          ; |MPU|MBR:U9         ; MBR         ; work         ;
;    |MBRAUX:U3|             ; 1 (1)               ; 2 (2)                     ; 0           ; 0          ; 0            ; 0       ; 0         ; 0    ; 0            ; 0          ; |MPU|MBRAUX:U3      ; MBRAUX      ; work         ;
;    |OR_2:U18|              ; 1 (1)               ; 0 (0)                     ; 0           ; 0          ; 0            ; 0       ; 0         ; 0    ; 0            ; 0          ; |MPU|OR_2:U18       ; OR_2        ; work         ;
;    |OR_4:U17|              ; 1 (1)               ; 0 (0)                     ; 0           ; 0          ; 0            ; 0       ; 0         ; 0    ; 0            ; 0          ; |MPU|OR_4:U17       ; OR_4        ; work         ;
;    |PC:U6|                 ; 21 (21)             ; 10 (10)                   ; 0           ; 0          ; 0            ; 0       ; 0         ; 0    ; 0            ; 0          ; |MPU|PC:U6          ; PC          ; work         ;
;    |SP:U5|                 ; 17 (17)             ; 8 (8)                     ; 0           ; 0          ; 0            ; 0       ; 0         ; 0    ; 0            ; 0          ; |MPU|SP:U5          ; SP          ; work         ;
;    |UC:U14|                ; 185 (185)           ; 0 (0)                     ; 0           ; 0          ; 0            ; 0       ; 0         ; 0    ; 0            ; 0          ; |MPU|UC:U14         ; UC          ; work         ;
+----------------------------+---------------------+---------------------------+-------------+------------+--------------+---------+-----------+------+--------------+------------+---------------------+-------------+--------------+
Note: For table entries with two numbers listed, the numbers in parentheses indicate the number of resources of the given type used by the specific entity alone. The numbers listed outside of parentheses indicate the total resources of the given type used by the specific entity and all of its sub-entities in the hierarchy.


+----------------------------------------------------------------------------------------------------+
; User-Specified and Inferred Latches                                                                ;
+-----------------------------------------------------+---------------------+------------------------+
; Latch Name                                          ; Latch Enable Signal ; Free of Timing Hazards ;
+-----------------------------------------------------+---------------------+------------------------+
; UC:U14|UC_OUT_RW                                    ; GND                 ; yes                    ;
; UC:U14|X[9]                                         ; GND                 ; yes                    ;
; UC:U14|X[8]                                         ; GND                 ; yes                    ;
; UC:U14|X[7]                                         ; GND                 ; yes                    ;
; UC:U14|X[0]                                         ; GND                 ; yes                    ;
; UC:U14|X[14]                                        ; GND                 ; yes                    ;
; UC:U14|X[4]                                         ; GND                 ; yes                    ;
; UC:U14|X[3]                                         ; GND                 ; yes                    ;
; UC:U14|X[2]                                         ; GND                 ; yes                    ;
; UC:U14|X[1]                                         ; GND                 ; yes                    ;
; UC:U14|X[5]                                         ; GND                 ; yes                    ;
; UC:U14|X[6]                                         ; GND                 ; yes                    ;
; UC:U14|X[13]                                        ; GND                 ; yes                    ;
; UC:U14|X[12]                                        ; GND                 ; yes                    ;
; UC:U14|X[11]                                        ; GND                 ; yes                    ;
; UC:U14|X[10]                                        ; GND                 ; yes                    ;
; UC:U14|X[16]                                        ; GND                 ; yes                    ;
; UC:U14|X[17]                                        ; GND                 ; yes                    ;
; UC:U14|X[15]                                        ; GND                 ; yes                    ;
; UC:U14|X[19]                                        ; GND                 ; yes                    ;
; Number of user-specified and inferred latches = 20  ;                     ;                        ;
+-----------------------------------------------------+---------------------+------------------------+
Note: All latches listed above may not be present at the end of synthesis due to various synthesis optimizations.


+------------------------------------------------------+
; General Register Statistics                          ;
+----------------------------------------------+-------+
; Statistic                                    ; Value ;
+----------------------------------------------+-------+
; Total registers                              ; 56    ;
; Number of registers using Synchronous Clear  ; 38    ;
; Number of registers using Synchronous Load   ; 0     ;
; Number of registers using Asynchronous Clear ; 56    ;
; Number of registers using Asynchronous Load  ; 0     ;
; Number of registers using Clock Enable       ; 49    ;
; Number of registers using Preset             ; 0     ;
+----------------------------------------------+-------+


+--------------------------------------------------------------------------------------------------------------------------------------------+
; Multiplexer Restructuring Statistics (Restructuring Performed)                                                                             ;
+--------------------+-----------+---------------+----------------------+------------------------+------------+------------------------------+
; Multiplexer Inputs ; Bus Width ; Baseline Area ; Area if Restructured ; Saving if Restructured ; Registered ; Example Multiplexer Output   ;
+--------------------+-----------+---------------+----------------------+------------------------+------------+------------------------------+
; 3:1                ; 4 bits    ; 8 LEs         ; 4 LEs                ; 4 LEs                  ; Yes        ; |MPU|IR:U4|IR_SIG[0]         ;
; 3:1                ; 4 bits    ; 8 LEs         ; 4 LEs                ; 4 LEs                  ; Yes        ; |MPU|CONTADOR:U13|cuenta[2]  ;
; 3:1                ; 2 bits    ; 4 LEs         ; 2 LEs                ; 2 LEs                  ; Yes        ; |MPU|MBRAUX:U3|MBRAUX_SIG[0] ;
; 3:1                ; 9 bits    ; 18 LEs        ; 9 LEs                ; 9 LEs                  ; Yes        ; |MPU|ACC:U1|ACC[3]           ;
; 5:1                ; 10 bits   ; 30 LEs        ; 20 LEs               ; 10 LEs                 ; Yes        ; |MPU|PC:U6|PC[8]             ;
; 5:1                ; 2 bits    ; 6 LEs         ; 4 LEs                ; 2 LEs                  ; Yes        ; |MPU|MAR:U12|MAR_SIG[8]      ;
; 5:1                ; 8 bits    ; 24 LEs        ; 16 LEs               ; 8 LEs                  ; Yes        ; |MPU|MAR:U12|MAR_SIG[1]      ;
; 6:1                ; 8 bits    ; 32 LEs        ; 16 LEs               ; 16 LEs                 ; Yes        ; |MPU|SP:U5|SP[7]             ;
; 6:1                ; 6 bits    ; 24 LEs        ; 18 LEs               ; 6 LEs                  ; Yes        ; |MPU|MBR:U9|MBR_SIG[2]       ;
; 6:1                ; 2 bits    ; 8 LEs         ; 8 LEs                ; 0 LEs                  ; Yes        ; |MPU|MBR:U9|MBR_SIG[0]       ;
; 3:1                ; 2 bits    ; 4 LEs         ; 4 LEs                ; 0 LEs                  ; No         ; |MPU|UC:U14|X[17]            ;
; 8:1                ; 6 bits    ; 30 LEs        ; 30 LEs               ; 0 LEs                  ; No         ; |MPU|ALU:U0|ALU_OUT[3]       ;
+--------------------+-----------+---------------+----------------------+------------------------+------------+------------------------------+


+---------------------------------------------------------------------+
; Parameter Settings for User Entity Instance: Top-level Entity: |MPU ;
+----------------+-------+--------------------------------------------+
; Parameter Name ; Value ; Type                                       ;
+----------------+-------+--------------------------------------------+
; n              ; 8     ; Signed Integer                             ;
; m              ; 10    ; Signed Integer                             ;
; p              ; 4     ; Signed Integer                             ;
+----------------+-------+--------------------------------------------+
Note: In order to hide this table in the UI and the text report file, please set the "Show Parameter Settings in Synthesis Report" option in "Analysis and Synthesis Settings -> More Settings" to "Off".


+-----------------------------------------------------+
; Parameter Settings for User Entity Instance: ALU:U0 ;
+----------------+-------+----------------------------+
; Parameter Name ; Value ; Type                       ;
+----------------+-------+----------------------------+
; n              ; 8     ; Signed Integer             ;
+----------------+-------+----------------------------+
Note: In order to hide this table in the UI and the text report file, please set the "Show Parameter Settings in Synthesis Report" option in "Analysis and Synthesis Settings -> More Settings" to "Off".


+-----------------------------------------------------+
; Parameter Settings for User Entity Instance: ACC:U1 ;
+----------------+-------+----------------------------+
; Parameter Name ; Value ; Type                       ;
+----------------+-------+----------------------------+
; n              ; 8     ; Signed Integer             ;
+----------------+-------+----------------------------+
Note: In order to hide this table in the UI and the text report file, please set the "Show Parameter Settings in Synthesis Report" option in "Analysis and Synthesis Settings -> More Settings" to "Off".


+--------------------------------------------------------+
; Parameter Settings for User Entity Instance: MBRAUX:U3 ;
+----------------+-------+-------------------------------+
; Parameter Name ; Value ; Type                          ;
+----------------+-------+-------------------------------+
; n              ; 8     ; Signed Integer                ;
+----------------+-------+-------------------------------+
Note: In order to hide this table in the UI and the text report file, please set the "Show Parameter Settings in Synthesis Report" option in "Analysis and Synthesis Settings -> More Settings" to "Off".


+----------------------------------------------------+
; Parameter Settings for User Entity Instance: IR:U4 ;
+----------------+-------+---------------------------+
; Parameter Name ; Value ; Type                      ;
+----------------+-------+---------------------------+
; n              ; 8     ; Signed Integer            ;
; p              ; 4     ; Signed Integer            ;
+----------------+-------+---------------------------+
Note: In order to hide this table in the UI and the text report file, please set the "Show Parameter Settings in Synthesis Report" option in "Analysis and Synthesis Settings -> More Settings" to "Off".


+----------------------------------------------------+
; Parameter Settings for User Entity Instance: SP:U5 ;
+----------------+-------+---------------------------+
; Parameter Name ; Value ; Type                      ;
+----------------+-------+---------------------------+
; n              ; 8     ; Signed Integer            ;
; m              ; 10    ; Signed Integer            ;
+----------------+-------+---------------------------+
Note: In order to hide this table in the UI and the text report file, please set the "Show Parameter Settings in Synthesis Report" option in "Analysis and Synthesis Settings -> More Settings" to "Off".


+----------------------------------------------------+
; Parameter Settings for User Entity Instance: PC:U6 ;
+----------------+-------+---------------------------+
; Parameter Name ; Value ; Type                      ;
+----------------+-------+---------------------------+
; n              ; 8     ; Signed Integer            ;
; m              ; 10    ; Signed Integer            ;
+----------------+-------+---------------------------+
Note: In order to hide this table in the UI and the text report file, please set the "Show Parameter Settings in Synthesis Report" option in "Analysis and Synthesis Settings -> More Settings" to "Off".


+------------------------------------------------------+
; Parameter Settings for User Entity Instance: MUX3:U7 ;
+----------------+-------+-----------------------------+
; Parameter Name ; Value ; Type                        ;
+----------------+-------+-----------------------------+
; n              ; 8     ; Signed Integer              ;
+----------------+-------+-----------------------------+
Note: In order to hide this table in the UI and the text report file, please set the "Show Parameter Settings in Synthesis Report" option in "Analysis and Synthesis Settings -> More Settings" to "Off".


+------------------------------------------------------+
; Parameter Settings for User Entity Instance: MUX2:U8 ;
+----------------+-------+-----------------------------+
; Parameter Name ; Value ; Type                        ;
+----------------+-------+-----------------------------+
; m              ; 10    ; Signed Integer              ;
+----------------+-------+-----------------------------+
Note: In order to hide this table in the UI and the text report file, please set the "Show Parameter Settings in Synthesis Report" option in "Analysis and Synthesis Settings -> More Settings" to "Off".


+-----------------------------------------------------+
; Parameter Settings for User Entity Instance: MBR:U9 ;
+----------------+-------+----------------------------+
; Parameter Name ; Value ; Type                       ;
+----------------+-------+----------------------------+
; n              ; 8     ; Signed Integer             ;
+----------------+-------+----------------------------+
Note: In order to hide this table in the UI and the text report file, please set the "Show Parameter Settings in Synthesis Report" option in "Analysis and Synthesis Settings -> More Settings" to "Off".


+-------------------------------------------------------+
; Parameter Settings for User Entity Instance: MUX1:U10 ;
+----------------+-------+------------------------------+
; Parameter Name ; Value ; Type                         ;
+----------------+-------+------------------------------+
; m              ; 10    ; Signed Integer               ;
+----------------+-------+------------------------------+
Note: In order to hide this table in the UI and the text report file, please set the "Show Parameter Settings in Synthesis Report" option in "Analysis and Synthesis Settings -> More Settings" to "Off".


+-------------------------------------------------------------+
; Parameter Settings for User Entity Instance: BUFFER_TRI:U11 ;
+----------------+-------+------------------------------------+
; Parameter Name ; Value ; Type                               ;
+----------------+-------+------------------------------------+
; n              ; 8     ; Signed Integer                     ;
+----------------+-------+------------------------------------+
Note: In order to hide this table in the UI and the text report file, please set the "Show Parameter Settings in Synthesis Report" option in "Analysis and Synthesis Settings -> More Settings" to "Off".


+------------------------------------------------------+
; Parameter Settings for User Entity Instance: MAR:U12 ;
+----------------+-------+-----------------------------+
; Parameter Name ; Value ; Type                        ;
+----------------+-------+-----------------------------+
; m              ; 10    ; Signed Integer              ;
+----------------+-------+-----------------------------+
Note: In order to hide this table in the UI and the text report file, please set the "Show Parameter Settings in Synthesis Report" option in "Analysis and Synthesis Settings -> More Settings" to "Off".


+-----------------------------------------------------------+
; Parameter Settings for User Entity Instance: CONTADOR:U13 ;
+----------------+-------+----------------------------------+
; Parameter Name ; Value ; Type                             ;
+----------------+-------+----------------------------------+
; p              ; 4     ; Signed Integer                   ;
+----------------+-------+----------------------------------+
Note: In order to hide this table in the UI and the text report file, please set the "Show Parameter Settings in Synthesis Report" option in "Analysis and Synthesis Settings -> More Settings" to "Off".


+----------------------------------------------------------------------------------------------------------------------+
; Port Connectivity Checks: "UC:U14"                                                                                   ;
+------------+--------+----------+-------------------------------------------------------------------------------------+
; Port       ; Type   ; Severity ; Details                                                                             ;
+------------+--------+----------+-------------------------------------------------------------------------------------+
; uc_out[18] ; Output ; Info     ; Connected to dangling logic. Logic that only feeds a dangling port will be removed. ;
+------------+--------+----------+-------------------------------------------------------------------------------------+


+-----------------------------------------------------+
; Post-Synthesis Netlist Statistics for Top Partition ;
+-----------------------+-----------------------------+
; Type                  ; Count                       ;
+-----------------------+-----------------------------+
; boundary_port         ; 31                          ;
; cycloneiii_ff         ; 56                          ;
;     CLR SCLR          ; 7                           ;
;     ENA CLR           ; 18                          ;
;     ENA CLR SCLR      ; 31                          ;
; cycloneiii_io_obuf    ; 8                           ;
; cycloneiii_lcell_comb ; 337                         ;
;     arith             ; 24                          ;
;         2 data inputs ; 10                          ;
;         3 data inputs ; 14                          ;
;     normal            ; 313                         ;
;         0 data inputs ; 1                           ;
;         1 data inputs ; 1                           ;
;         2 data inputs ; 54                          ;
;         3 data inputs ; 74                          ;
;         4 data inputs ; 183                         ;
;                       ;                             ;
; Max LUT depth         ; 8.00                        ;
; Average LUT depth     ; 4.61                        ;
+-----------------------+-----------------------------+


+-------------------------------+
; Elapsed Time Per Partition    ;
+----------------+--------------+
; Partition Name ; Elapsed Time ;
+----------------+--------------+
; Top            ; 00:00:02     ;
+----------------+--------------+


+-------------------------------+
; Analysis & Synthesis Messages ;
+-------------------------------+
Info: *******************************************************************
Info: Running Quartus Prime Analysis & Synthesis
    Info: Version 22.1std.1 Build 917 02/14/2023 SC Lite Edition
    Info: Processing started: Sun Dec  3 22:48:36 2023
Info: Command: quartus_map --read_settings_files=on --write_settings_files=off MPU -c MPU
Warning (18236): Number of processors has not been specified which may cause overloading on shared machines.  Set the global assignment NUM_PARALLEL_PROCESSORS in your QSF to an appropriate value for best performance.
Info (20030): Parallel compilation is enabled and will use 12 of the 12 processors detected
Info (12021): Found 2 design units, including 1 entities, in source file or_4.vhd
    Info (12022): Found design unit 1: OR_4-dataflow File: C:/Users/gonza/OneDrive/ITSON/AD2023/Digitales 2/Proyecto/MPU/OR_4.vhd Line: 11
    Info (12023): Found entity 1: OR_4 File: C:/Users/gonza/OneDrive/ITSON/AD2023/Digitales 2/Proyecto/MPU/OR_4.vhd Line: 6
Info (12021): Found 2 design units, including 1 entities, in source file or_3.vhd
    Info (12022): Found design unit 1: OR_3-dataflow File: C:/Users/gonza/OneDrive/ITSON/AD2023/Digitales 2/Proyecto/MPU/OR_3.vhd Line: 11
    Info (12023): Found entity 1: OR_3 File: C:/Users/gonza/OneDrive/ITSON/AD2023/Digitales 2/Proyecto/MPU/OR_3.vhd Line: 6
Info (12021): Found 2 design units, including 1 entities, in source file or_2.vhd
    Info (12022): Found design unit 1: OR_2-dataflow File: C:/Users/gonza/OneDrive/ITSON/AD2023/Digitales 2/Proyecto/MPU/OR_2.vhd Line: 11
    Info (12023): Found entity 1: OR_2 File: C:/Users/gonza/OneDrive/ITSON/AD2023/Digitales 2/Proyecto/MPU/OR_2.vhd Line: 6
Info (12021): Found 2 design units, including 1 entities, in source file uc.vhd
    Info (12022): Found design unit 1: UC-behavioral File: C:/Users/gonza/OneDrive/ITSON/AD2023/Digitales 2/Proyecto/MPU/UC.vhd Line: 16
    Info (12023): Found entity 1: UC File: C:/Users/gonza/OneDrive/ITSON/AD2023/Digitales 2/Proyecto/MPU/UC.vhd Line: 7
Info (12021): Found 2 design units, including 1 entities, in source file sp.vhd
    Info (12022): Found design unit 1: SP-behavioral File: C:/Users/gonza/OneDrive/ITSON/AD2023/Digitales 2/Proyecto/MPU/SP.vhd Line: 14
    Info (12023): Found entity 1: SP File: C:/Users/gonza/OneDrive/ITSON/AD2023/Digitales 2/Proyecto/MPU/SP.vhd Line: 6
Info (12021): Found 2 design units, including 1 entities, in source file pc.vhd
    Info (12022): Found design unit 1: PC-behavioral File: C:/Users/gonza/OneDrive/ITSON/AD2023/Digitales 2/Proyecto/MPU/PC.vhd Line: 14
    Info (12023): Found entity 1: PC File: C:/Users/gonza/OneDrive/ITSON/AD2023/Digitales 2/Proyecto/MPU/PC.vhd Line: 6
Info (12021): Found 2 design units, including 1 entities, in source file mux3.vhd
    Info (12022): Found design unit 1: MUX3-behavioral File: C:/Users/gonza/OneDrive/ITSON/AD2023/Digitales 2/Proyecto/MPU/MUX3.vhd Line: 13
    Info (12023): Found entity 1: MUX3 File: C:/Users/gonza/OneDrive/ITSON/AD2023/Digitales 2/Proyecto/MPU/MUX3.vhd Line: 6
Info (12021): Found 2 design units, including 1 entities, in source file mux2.vhd
    Info (12022): Found design unit 1: MUX2-behavioral File: C:/Users/gonza/OneDrive/ITSON/AD2023/Digitales 2/Proyecto/MPU/MUX2.vhd Line: 13
    Info (12023): Found entity 1: MUX2 File: C:/Users/gonza/OneDrive/ITSON/AD2023/Digitales 2/Proyecto/MPU/MUX2.vhd Line: 6
Info (12021): Found 2 design units, including 1 entities, in source file mux1.vhd
    Info (12022): Found design unit 1: MUX1-behavioral File: C:/Users/gonza/OneDrive/ITSON/AD2023/Digitales 2/Proyecto/MPU/MUX1.vhd Line: 13
    Info (12023): Found entity 1: MUX1 File: C:/Users/gonza/OneDrive/ITSON/AD2023/Digitales 2/Proyecto/MPU/MUX1.vhd Line: 6
Info (12021): Found 2 design units, including 1 entities, in source file mbraux.vhd
    Info (12022): Found design unit 1: MBRAUX-behavioral File: C:/Users/gonza/OneDrive/ITSON/AD2023/Digitales 2/Proyecto/MPU/MBRAUX.vhd Line: 13
    Info (12023): Found entity 1: MBRAUX File: C:/Users/gonza/OneDrive/ITSON/AD2023/Digitales 2/Proyecto/MPU/MBRAUX.vhd Line: 6
Info (12021): Found 2 design units, including 1 entities, in source file mar.vhd
    Info (12022): Found design unit 1: MAR-behavioral File: C:/Users/gonza/OneDrive/ITSON/AD2023/Digitales 2/Proyecto/MPU/MAR.vhd Line: 14
    Info (12023): Found entity 1: MAR File: C:/Users/gonza/OneDrive/ITSON/AD2023/Digitales 2/Proyecto/MPU/MAR.vhd Line: 6
Info (12021): Found 2 design units, including 1 entities, in source file ir.vhd
    Info (12022): Found design unit 1: IR-behavioral File: C:/Users/gonza/OneDrive/ITSON/AD2023/Digitales 2/Proyecto/MPU/IR.vhd Line: 13
    Info (12023): Found entity 1: IR File: C:/Users/gonza/OneDrive/ITSON/AD2023/Digitales 2/Proyecto/MPU/IR.vhd Line: 6
Info (12021): Found 2 design units, including 1 entities, in source file contador.vhd
    Info (12022): Found design unit 1: CONTADOR-behavioral File: C:/Users/gonza/OneDrive/ITSON/AD2023/Digitales 2/Proyecto/MPU/CONTADOR.vhd Line: 12
    Info (12023): Found entity 1: CONTADOR File: C:/Users/gonza/OneDrive/ITSON/AD2023/Digitales 2/Proyecto/MPU/CONTADOR.vhd Line: 6
Info (12021): Found 2 design units, including 1 entities, in source file ccr.vhd
    Info (12022): Found design unit 1: CCR-behavioral File: C:/Users/gonza/OneDrive/ITSON/AD2023/Digitales 2/Proyecto/MPU/CCR.vhd Line: 13
    Info (12023): Found entity 1: CCR File: C:/Users/gonza/OneDrive/ITSON/AD2023/Digitales 2/Proyecto/MPU/CCR.vhd Line: 6
Info (12021): Found 2 design units, including 1 entities, in source file buffer_tri.vhd
    Info (12022): Found design unit 1: BUFFER_TRI-behavioral File: C:/Users/gonza/OneDrive/ITSON/AD2023/Digitales 2/Proyecto/MPU/BUFFER_TRI.vhd Line: 13
    Info (12023): Found entity 1: BUFFER_TRI File: C:/Users/gonza/OneDrive/ITSON/AD2023/Digitales 2/Proyecto/MPU/BUFFER_TRI.vhd Line: 6
Info (12021): Found 2 design units, including 1 entities, in source file acc.vhd
    Info (12022): Found design unit 1: ACC-behavioral File: C:/Users/gonza/OneDrive/ITSON/AD2023/Digitales 2/Proyecto/MPU/ACC.vhd Line: 13
    Info (12023): Found entity 1: ACC File: C:/Users/gonza/OneDrive/ITSON/AD2023/Digitales 2/Proyecto/MPU/ACC.vhd Line: 6
Info (12021): Found 2 design units, including 1 entities, in source file mpu.vhd
    Info (12022): Found design unit 1: MPU-estructural File: C:/Users/gonza/OneDrive/ITSON/AD2023/Digitales 2/Proyecto/MPU/MPU.vhd Line: 18
    Info (12023): Found entity 1: MPU File: C:/Users/gonza/OneDrive/ITSON/AD2023/Digitales 2/Proyecto/MPU/MPU.vhd Line: 7
Info (12021): Found 2 design units, including 1 entities, in source file alu.vhd
    Info (12022): Found design unit 1: ALU-behavioral File: C:/Users/gonza/OneDrive/ITSON/AD2023/Digitales 2/Proyecto/MPU/ALU.vhd Line: 15
    Info (12023): Found entity 1: ALU File: C:/Users/gonza/OneDrive/ITSON/AD2023/Digitales 2/Proyecto/MPU/ALU.vhd Line: 6
Info (12127): Elaborating entity "MPU" for the top level hierarchy
Info (12128): Elaborating entity "ALU" for hierarchy "ALU:U0" File: C:/Users/gonza/OneDrive/ITSON/AD2023/Digitales 2/Proyecto/MPU/MPU.vhd Line: 174
Info (12128): Elaborating entity "ACC" for hierarchy "ACC:U1" File: C:/Users/gonza/OneDrive/ITSON/AD2023/Digitales 2/Proyecto/MPU/MPU.vhd Line: 176
Info (12128): Elaborating entity "CCR" for hierarchy "CCR:U2" File: C:/Users/gonza/OneDrive/ITSON/AD2023/Digitales 2/Proyecto/MPU/MPU.vhd Line: 178
Info (12128): Elaborating entity "MBRAUX" for hierarchy "MBRAUX:U3" File: C:/Users/gonza/OneDrive/ITSON/AD2023/Digitales 2/Proyecto/MPU/MPU.vhd Line: 180
Info (12128): Elaborating entity "IR" for hierarchy "IR:U4" File: C:/Users/gonza/OneDrive/ITSON/AD2023/Digitales 2/Proyecto/MPU/MPU.vhd Line: 182
Info (12128): Elaborating entity "SP" for hierarchy "SP:U5" File: C:/Users/gonza/OneDrive/ITSON/AD2023/Digitales 2/Proyecto/MPU/MPU.vhd Line: 184
Info (12128): Elaborating entity "PC" for hierarchy "PC:U6" File: C:/Users/gonza/OneDrive/ITSON/AD2023/Digitales 2/Proyecto/MPU/MPU.vhd Line: 186
Info (12128): Elaborating entity "MUX3" for hierarchy "MUX3:U7" File: C:/Users/gonza/OneDrive/ITSON/AD2023/Digitales 2/Proyecto/MPU/MPU.vhd Line: 188
Warning (10492): VHDL Process Statement warning at MUX3.vhd(19): signal "MUX3_IN_ACC" is read inside the Process Statement but isn't in the Process Statement's sensitivity list File: C:/Users/gonza/OneDrive/ITSON/AD2023/Digitales 2/Proyecto/MPU/MUX3.vhd Line: 19
Warning (10492): VHDL Process Statement warning at MUX3.vhd(20): signal "MUX3_IN_DATOS" is read inside the Process Statement but isn't in the Process Statement's sensitivity list File: C:/Users/gonza/OneDrive/ITSON/AD2023/Digitales 2/Proyecto/MPU/MUX3.vhd Line: 20
Warning (10492): VHDL Process Statement warning at MUX3.vhd(21): signal "MUX3_IN_PCL" is read inside the Process Statement but isn't in the Process Statement's sensitivity list File: C:/Users/gonza/OneDrive/ITSON/AD2023/Digitales 2/Proyecto/MPU/MUX3.vhd Line: 21
Warning (10492): VHDL Process Statement warning at MUX3.vhd(22): signal "MUX3_IN_PCH" is read inside the Process Statement but isn't in the Process Statement's sensitivity list File: C:/Users/gonza/OneDrive/ITSON/AD2023/Digitales 2/Proyecto/MPU/MUX3.vhd Line: 22
Info (12128): Elaborating entity "MUX2" for hierarchy "MUX2:U8" File: C:/Users/gonza/OneDrive/ITSON/AD2023/Digitales 2/Proyecto/MPU/MPU.vhd Line: 190
Warning (10492): VHDL Process Statement warning at MUX2.vhd(19): signal "MUX2_IN_PC" is read inside the Process Statement but isn't in the Process Statement's sensitivity list File: C:/Users/gonza/OneDrive/ITSON/AD2023/Digitales 2/Proyecto/MPU/MUX2.vhd Line: 19
Warning (10492): VHDL Process Statement warning at MUX2.vhd(20): signal "MUX2_IN_SP" is read inside the Process Statement but isn't in the Process Statement's sensitivity list File: C:/Users/gonza/OneDrive/ITSON/AD2023/Digitales 2/Proyecto/MPU/MUX2.vhd Line: 20
Warning (12125): Using design file mbr.vhd, which is not specified as a design file for the current project, but contains definitions for 2 design units and 1 entities in project
    Info (12022): Found design unit 1: MBR-behavioral File: C:/Users/gonza/OneDrive/ITSON/AD2023/Digitales 2/Proyecto/MPU/mbr.vhd Line: 13
    Info (12023): Found entity 1: MBR File: C:/Users/gonza/OneDrive/ITSON/AD2023/Digitales 2/Proyecto/MPU/mbr.vhd Line: 6
Info (12128): Elaborating entity "MBR" for hierarchy "MBR:U9" File: C:/Users/gonza/OneDrive/ITSON/AD2023/Digitales 2/Proyecto/MPU/MPU.vhd Line: 192
Info (12128): Elaborating entity "MUX1" for hierarchy "MUX1:U10" File: C:/Users/gonza/OneDrive/ITSON/AD2023/Digitales 2/Proyecto/MPU/MPU.vhd Line: 194
Warning (10492): VHDL Process Statement warning at MUX1.vhd(19): signal "MUX1_IN_MBR" is read inside the Process Statement but isn't in the Process Statement's sensitivity list File: C:/Users/gonza/OneDrive/ITSON/AD2023/Digitales 2/Proyecto/MPU/MUX1.vhd Line: 19
Warning (10492): VHDL Process Statement warning at MUX1.vhd(20): signal "MUX1_IN_MUX2" is read inside the Process Statement but isn't in the Process Statement's sensitivity list File: C:/Users/gonza/OneDrive/ITSON/AD2023/Digitales 2/Proyecto/MPU/MUX1.vhd Line: 20
Info (12128): Elaborating entity "BUFFER_TRI" for hierarchy "BUFFER_TRI:U11" File: C:/Users/gonza/OneDrive/ITSON/AD2023/Digitales 2/Proyecto/MPU/MPU.vhd Line: 196
Info (12128): Elaborating entity "MAR" for hierarchy "MAR:U12" File: C:/Users/gonza/OneDrive/ITSON/AD2023/Digitales 2/Proyecto/MPU/MPU.vhd Line: 198
Info (12128): Elaborating entity "CONTADOR" for hierarchy "CONTADOR:U13" File: C:/Users/gonza/OneDrive/ITSON/AD2023/Digitales 2/Proyecto/MPU/MPU.vhd Line: 200
Info (12128): Elaborating entity "UC" for hierarchy "UC:U14" File: C:/Users/gonza/OneDrive/ITSON/AD2023/Digitales 2/Proyecto/MPU/MPU.vhd Line: 202
Warning (10631): VHDL Process Statement warning at UC.vhd(21): inferring latch(es) for signal or variable "X", which holds its previous value in one or more paths through the process File: C:/Users/gonza/OneDrive/ITSON/AD2023/Digitales 2/Proyecto/MPU/UC.vhd Line: 21
Warning (10631): VHDL Process Statement warning at UC.vhd(21): inferring latch(es) for signal or variable "UC_OUT_RW", which holds its previous value in one or more paths through the process File: C:/Users/gonza/OneDrive/ITSON/AD2023/Digitales 2/Proyecto/MPU/UC.vhd Line: 21
Info (10041): Inferred latch for "UC_OUT_RW" at UC.vhd(21) File: C:/Users/gonza/OneDrive/ITSON/AD2023/Digitales 2/Proyecto/MPU/UC.vhd Line: 21
Info (10041): Inferred latch for "X[19]" at UC.vhd(21) File: C:/Users/gonza/OneDrive/ITSON/AD2023/Digitales 2/Proyecto/MPU/UC.vhd Line: 21
Info (10041): Inferred latch for "X[18]" at UC.vhd(21) File: C:/Users/gonza/OneDrive/ITSON/AD2023/Digitales 2/Proyecto/MPU/UC.vhd Line: 21
Info (10041): Inferred latch for "X[17]" at UC.vhd(21) File: C:/Users/gonza/OneDrive/ITSON/AD2023/Digitales 2/Proyecto/MPU/UC.vhd Line: 21
Info (10041): Inferred latch for "X[16]" at UC.vhd(21) File: C:/Users/gonza/OneDrive/ITSON/AD2023/Digitales 2/Proyecto/MPU/UC.vhd Line: 21
Info (10041): Inferred latch for "X[15]" at UC.vhd(21) File: C:/Users/gonza/OneDrive/ITSON/AD2023/Digitales 2/Proyecto/MPU/UC.vhd Line: 21
Info (10041): Inferred latch for "X[14]" at UC.vhd(21) File: C:/Users/gonza/OneDrive/ITSON/AD2023/Digitales 2/Proyecto/MPU/UC.vhd Line: 21
Info (10041): Inferred latch for "X[13]" at UC.vhd(21) File: C:/Users/gonza/OneDrive/ITSON/AD2023/Digitales 2/Proyecto/MPU/UC.vhd Line: 21
Info (10041): Inferred latch for "X[12]" at UC.vhd(21) File: C:/Users/gonza/OneDrive/ITSON/AD2023/Digitales 2/Proyecto/MPU/UC.vhd Line: 21
Info (10041): Inferred latch for "X[11]" at UC.vhd(21) File: C:/Users/gonza/OneDrive/ITSON/AD2023/Digitales 2/Proyecto/MPU/UC.vhd Line: 21
Info (10041): Inferred latch for "X[10]" at UC.vhd(21) File: C:/Users/gonza/OneDrive/ITSON/AD2023/Digitales 2/Proyecto/MPU/UC.vhd Line: 21
Info (10041): Inferred latch for "X[9]" at UC.vhd(21) File: C:/Users/gonza/OneDrive/ITSON/AD2023/Digitales 2/Proyecto/MPU/UC.vhd Line: 21
Info (10041): Inferred latch for "X[8]" at UC.vhd(21) File: C:/Users/gonza/OneDrive/ITSON/AD2023/Digitales 2/Proyecto/MPU/UC.vhd Line: 21
Info (10041): Inferred latch for "X[7]" at UC.vhd(21) File: C:/Users/gonza/OneDrive/ITSON/AD2023/Digitales 2/Proyecto/MPU/UC.vhd Line: 21
Info (10041): Inferred latch for "X[6]" at UC.vhd(21) File: C:/Users/gonza/OneDrive/ITSON/AD2023/Digitales 2/Proyecto/MPU/UC.vhd Line: 21
Info (10041): Inferred latch for "X[5]" at UC.vhd(21) File: C:/Users/gonza/OneDrive/ITSON/AD2023/Digitales 2/Proyecto/MPU/UC.vhd Line: 21
Info (10041): Inferred latch for "X[4]" at UC.vhd(21) File: C:/Users/gonza/OneDrive/ITSON/AD2023/Digitales 2/Proyecto/MPU/UC.vhd Line: 21
Info (10041): Inferred latch for "X[3]" at UC.vhd(21) File: C:/Users/gonza/OneDrive/ITSON/AD2023/Digitales 2/Proyecto/MPU/UC.vhd Line: 21
Info (10041): Inferred latch for "X[2]" at UC.vhd(21) File: C:/Users/gonza/OneDrive/ITSON/AD2023/Digitales 2/Proyecto/MPU/UC.vhd Line: 21
Info (10041): Inferred latch for "X[1]" at UC.vhd(21) File: C:/Users/gonza/OneDrive/ITSON/AD2023/Digitales 2/Proyecto/MPU/UC.vhd Line: 21
Info (10041): Inferred latch for "X[0]" at UC.vhd(21) File: C:/Users/gonza/OneDrive/ITSON/AD2023/Digitales 2/Proyecto/MPU/UC.vhd Line: 21
Info (12128): Elaborating entity "OR_2" for hierarchy "OR_2:U15" File: C:/Users/gonza/OneDrive/ITSON/AD2023/Digitales 2/Proyecto/MPU/MPU.vhd Line: 204
Info (12128): Elaborating entity "OR_3" for hierarchy "OR_3:U16" File: C:/Users/gonza/OneDrive/ITSON/AD2023/Digitales 2/Proyecto/MPU/MPU.vhd Line: 206
Info (12128): Elaborating entity "OR_4" for hierarchy "OR_4:U17" File: C:/Users/gonza/OneDrive/ITSON/AD2023/Digitales 2/Proyecto/MPU/MPU.vhd Line: 208
Info (286030): Timing-Driven Synthesis is running
Info (16010): Generating hard_block partition "hard_block:auto_generated_inst"
    Info (16011): Adding 0 node(s), including 0 DDIO, 0 PLL, 0 transceiver and 0 LCELL
Info (21057): Implemented 372 device resources after synthesis - the final resource count might be different
    Info (21058): Implemented 4 input pins
    Info (21059): Implemented 19 output pins
    Info (21060): Implemented 8 bidirectional pins
    Info (21061): Implemented 341 logic cells
Info: Quartus Prime Analysis & Synthesis was successful. 0 errors, 12 warnings
    Info: Peak virtual memory: 4872 megabytes
    Info: Processing ended: Sun Dec  3 22:48:51 2023
    Info: Elapsed time: 00:00:15
    Info: Total CPU time (on all processors): 00:00:31


